#
# There is insufficient memory for the Java Runtime Environment to continue.
# Native memory allocation (malloc) failed to allocate 1048576 bytes for AllocateHeap
# Possible reasons:
#   The system is out of physical RAM or swap space
#   The process is running with CompressedOops enabled, and the Java Heap may be blocking the growth of the native heap
# Possible solutions:
#   Reduce memory load on the system
#   Increase physical memory or swap space
#   Check if swap backing store is full
#   Decrease Java heap size (-Xmx/-Xms)
#   Decrease number of Java threads
#   Decrease Java thread stack sizes (-Xss)
#   Set larger code cache with -XX:ReservedCodeCacheSize=
#   JVM is running with Unscaled Compressed Oops mode in which the Java heap is
#     placed in the first 4GB address space. The Java Heap base address is the
#     maximum limit for the native heap growth. Please use -XX:HeapBaseMinAddress
#     to set the Java Heap base and to place the Java Heap above 4GB virtual address.
# This output file may be truncated or incomplete.
#
#  Out of Memory Error (memory/allocation.inline.hpp:61), pid=1504, tid=0x00000000000021e4
#
# JRE version:  (8.0_251-b08) (build )
# Java VM: Java HotSpot(TM) 64-Bit Server VM (25.251-b08 mixed mode windows-amd64 compressed oops)
# Failed to write core dump. Minidumps are not enabled by default on client versions of Windows
#

---------------  T H R E A D  ---------------

Current thread (0x0000000002cf3800):  JavaThread "Unknown thread" [_thread_in_vm, id=8676, stack(0x0000000002b70000,0x0000000002c70000)]

Stack: [0x0000000002b70000,0x0000000002c70000]
[error occurred during error reporting (printing stack bounds), id 0xc0000005]

Native frames: (J=compiled Java code, j=interpreted, Vv=VM code, C=native code)


---------------  P R O C E S S  ---------------

Java Threads: ( => current thread )

Other Threads:

=>0x0000000002cf3800 (exited) JavaThread "Unknown thread" [_thread_in_vm, id=8676, stack(0x0000000002b70000,0x0000000002c70000)]

VM state:not at safepoint (normal execution)

VM Mutex/Monitor currently owned by a thread: None

heap address: 0x0000000081800000, size: 2024 MB, Compressed Oops mode: 32-bit
Narrow klass base: 0x0000000000000000, Narrow klass shift: 3
Compressed class space size: 1073741824 Address: 0x0000000100000000

Heap:
 PSYoungGen      total 38400K, used 665K [0x00000000d5d80000, 0x00000000d8800000, 0x0000000100000000)
  eden space 33280K, 2% used [0x00000000d5d80000,0x00000000d5e26670,0x00000000d7e00000)
  from space 5120K, 0% used [0x00000000d8300000,0x00000000d8300000,0x00000000d8800000)
  to   space 5120K, 0% used [0x00000000d7e00000,0x00000000d7e00000,0x00000000d8300000)
 ParOldGen       total 87552K, used 0K [0x0000000081800000, 0x0000000086d80000, 0x00000000d5d80000)
  object space 87552K, 0% used [0x0000000081800000,0x0000000081800000,0x0000000086d80000)
 Metaspace       used 752K, capacity 4480K, committed 4480K, reserved 1056768K
  class space    used 76K, capacity 384K, committed 384K, reserved 1048576K

Card table byte_map: [0x00000000121b0000,0x00000000125b0000] byte_map_base: 0x0000000011da4000

Marking Bits: (ParMarkBitMap*) 0x00000000729eaf90
 Begin Bits: [0x0000000012c60000, 0x0000000014c00000)
 End Bits:   [0x0000000014c00000, 0x0000000016ba0000)

Polling page: 0x0000000000df0000

CodeCache: size=245760Kb used=328Kb max_used=328Kb free=245431Kb
 bounds [0x0000000002df0000, 0x0000000003060000, 0x0000000011df0000]
 total_blobs=58 nmethods=0 adapters=38
 compilation: enabled

Compilation events (0 events):
No events

GC Heap History (0 events):
No events

Deoptimization events (0 events):
No events

Classes redefined (0 events):
No events

Internal exceptions (0 events):
No events

Events (10 events):
Event: 0.037 loading class java/lang/Short
Event: 0.037 loading class java/lang/Short done
Event: 0.037 loading class java/lang/Integer
Event: 0.037 loading class java/lang/Integer done
Event: 0.037 loading class java/lang/Long
Event: 0.038 loading class java/lang/Long done
Event: 0.038 loading class java/lang/NullPointerException
Event: 0.038 loading class java/lang/NullPointerException done
Event: 0.038 loading class java/lang/ArithmeticException
Event: 0.038 loading class java/lang/ArithmeticException done


Dynamic libraries:
0x00007ff6e3830000 - 0x00007ff6e3867000 	C:\Program Files\Java\jre1.8.0_251\bin\javaw.exe
0x00007ffa616c0000 - 0x00007ffa618b0000 	C:\WINDOWS\SYSTEM32\ntdll.dll
0x00007ffa58300000 - 0x00007ffa58313000 	C:\Program Files\AVAST Software\Avast\aswhook.dll
0x00007ffa61120000 - 0x00007ffa611d2000 	C:\WINDOWS\System32\KERNEL32.DLL
0x00007ffa5f0c0000 - 0x00007ffa5f364000 	C:\WINDOWS\System32\KERNELBASE.dll
0x00007ffa60620000 - 0x00007ffa606c3000 	C:\WINDOWS\System32\ADVAPI32.dll
0x00007ffa60f50000 - 0x00007ffa60fee000 	C:\WINDOWS\System32\msvcrt.dll
0x00007ffa61540000 - 0x00007ffa615d7000 	C:\WINDOWS\System32\sechost.dll
0x00007ffa61000000 - 0x00007ffa61120000 	C:\WINDOWS\System32\RPCRT4.dll
0x00007ffa609d0000 - 0x00007ffa60b64000 	C:\WINDOWS\System32\USER32.dll
0x00007ffa5f6c0000 - 0x00007ffa5f6e1000 	C:\WINDOWS\System32\win32u.dll
0x00007ffa60cc0000 - 0x00007ffa60ce6000 	C:\WINDOWS\System32\GDI32.dll
0x00007ffa5f420000 - 0x00007ffa5f5b4000 	C:\WINDOWS\System32\gdi32full.dll
0x00007ffa5f020000 - 0x00007ffa5f0be000 	C:\WINDOWS\System32\msvcp_win.dll
0x00007ffa5f5c0000 - 0x00007ffa5f6ba000 	C:\WINDOWS\System32\ucrtbase.dll
0x00007ffa4fa50000 - 0x00007ffa4fcd4000 	C:\WINDOWS\WinSxS\amd64_microsoft.windows.common-controls_6595b64144ccf1df_6.0.18362.836_none_e6c4b943130f18ed\COMCTL32.dll
0x00007ffa5f780000 - 0x00007ffa5fab6000 	C:\WINDOWS\System32\combase.dll
0x00007ffa5f6f0000 - 0x00007ffa5f770000 	C:\WINDOWS\System32\bcryptPrimitives.dll
0x00007ffa61640000 - 0x00007ffa6166e000 	C:\WINDOWS\System32\IMM32.DLL
0x00000000720e0000 - 0x00000000721b2000 	C:\Program Files\Java\jre1.8.0_251\bin\msvcr100.dll
0x00000000721c0000 - 0x0000000072a6b000 	C:\Program Files\Java\jre1.8.0_251\bin\server\jvm.dll
0x00007ffa5f770000 - 0x00007ffa5f778000 	C:\WINDOWS\System32\PSAPI.DLL
0x00007ffa49bb0000 - 0x00007ffa49bb9000 	C:\WINDOWS\SYSTEM32\WSOCK32.dll
0x00007ffa611e0000 - 0x00007ffa6124f000 	C:\WINDOWS\System32\WS2_32.dll
0x00007ffa5a570000 - 0x00007ffa5a594000 	C:\WINDOWS\SYSTEM32\WINMM.dll
0x00007ffa54dd0000 - 0x00007ffa54dda000 	C:\WINDOWS\SYSTEM32\VERSION.dll
0x00007ffa5a540000 - 0x00007ffa5a56d000 	C:\WINDOWS\SYSTEM32\WINMMBASE.dll
0x00007ffa5ef70000 - 0x00007ffa5efba000 	C:\WINDOWS\System32\cfgmgr32.dll
0x00007ffa5a660000 - 0x00007ffa5a66f000 	C:\Program Files\Java\jre1.8.0_251\bin\verify.dll
0x00007ffa54f50000 - 0x00007ffa54f79000 	C:\Program Files\Java\jre1.8.0_251\bin\java.dll
0x00007ffa577e0000 - 0x00007ffa577f6000 	C:\Program Files\Java\jre1.8.0_251\bin\zip.dll

VM Arguments:
jvm_args: -Dfile.encoding=UTF-8 
java_command: testcases.TC_1
java_class_path (initial): C:\Users\admin\eclipse-workspace\Sangam\target\test-classes;C:\Users\admin\eclipse-workspace\Sangam\target\classes;C:\Users\admin\.m2\repository\org\testng\testng\6.14.3\testng-6.14.3.jar;C:\Users\admin\.m2\repository\com\beust\jcommander\1.72\jcommander-1.72.jar;C:\Users\admin\.m2\repository\org\apache-extras\beanshell\bsh\2.0b6\bsh-2.0b6.jar;C:\Users\admin\.m2\repository\org\apache\commons\commons-lang3\3.9\commons-lang3-3.9.jar;C:\Users\admin\.m2\repository\commons-io\commons-io\2.6\commons-io-2.6.jar;C:\Users\admin\.m2\repository\io\appium\java-client\7.0.0\java-client-7.0.0.jar;C:\Users\admin\.m2\repository\org\seleniumhq\selenium\selenium-support\3.141.59\selenium-support-3.141.59.jar;C:\Users\admin\.m2\repository\org\seleniumhq\selenium\selenium-api\3.141.59\selenium-api-3.141.59.jar;C:\Users\admin\.m2\repository\com\google\code\gson\gson\2.8.5\gson-2.8.5.jar;C:\Users\admin\.m2\repository\org\apache\httpcomponents\httpclient\4.5.6\httpclient-4.5.6.jar;C:\Users\admin\.m2\repository\org\apache\httpcomponents\httpcore\4.4.10\httpcore-4.4.10.jar;C:\Users\admin\.m2\repository\commons-codec\commons-codec\1.10\commons-codec-1.10.jar;C:\Users\admin\.m2\repository\cglib\cglib\3.2.8\cglib-3.2.8.jar;C:\Users\admin\.m2\repository\org\ow2\asm\asm\6.2.1\asm-6.2.1.jar;C:\Users\admin\.m2\repository\org\apache\ant\ant\1.10.3\ant-1.10.3.jar;C:\Users\admin\.m2\repository\org\apache\ant\ant-launcher\1.10.3\ant-launcher-1.10.3.jar;C:\Users\admin\.m2\repository\org\springframework\spring-context\5.1.0.RELEASE\spring-context-5.1.0.RELEASE.jar;C:\Users\admin\.m2\repository\org\springframework\spring-aop\5.1.0.RELEASE\spring-aop-5.1.0.RELEASE.jar;C:\Users\admin\.m2\repository\org\springframework\spring-beans\5.1.0.RELEASE\spring-beans-5.1.0.RELEASE.jar;C:\Users\admin\.m2\repository\org\springframework\spring-core\5.1.0.RELEASE\spring-core-5.1.0.RELEASE.jar;C:\Users\admin\.m2\repository\org\springframework\spring-jcl\5.1.0.RELEASE\spring-jcl-5.1.0.RELEASE.
Launcher Type: SUN_STANDARD

Environment Variables:
JAVA_HOME=C:\Program Files\Java\jdk1.8.0_251
PATH=C:/Program Files/Java/jre1.8.0_251/bin/server;C:/Program Files/Java/jre1.8.0_251/bin;C:/Program Files/Java/jre1.8.0_251/lib/amd64;C:\Program Files (x86)\Common Files\Oracle\Java\javapath;C:\WINDOWS\system32;C:\WINDOWS;C:\WINDOWS\System32\Wbem;C:\WINDOWS\System32\WindowsPowerShell\v1.0\;C:\WINDOWS\System32\OpenSSH\;C:\Program Files\Java\jdk1.8.0_251;C:\Users\admin\AppData\Local\Android\Sdk\tools\bin;C:\Users\admin\AppData\Local\Android\Sdk\tools;C:\Users\admin\AppData\Local\Android\Sdk\platform-tools;C:\Program Files\nodejs;C:\Program Files\nodejs\node_modules\npm\bin;C:\Program Files\Java\jdk-14.0.1\lib;C:\Users\admin\AppData\Local\Microsoft\WindowsApps;C:\Users\admin\AppData\Roaming\npm;C:\Users\admin\Desktop;
USERNAME=admin
OS=Windows_NT
PROCESSOR_IDENTIFIER=Intel64 Family 6 Model 142 Stepping 9, GenuineIntel



---------------  S Y S T E M  ---------------

OS: Windows 10.0 , 64 bit Build 18362 (10.0.18362.778)

CPU:total 4 (initial active 4) (2 cores per cpu, 2 threads per core) family 6 model 142 stepping 9, cmov, cx8, fxsr, mmx, sse, sse2, sse3, ssse3, sse4.1, sse4.2, popcnt, avx, avx2, aes, clmul, erms, 3dnowpref, lzcnt, ht, tsc, tscinvbit, bmi1, bmi2, adx

Memory: 4k page, physical 8284640k(320260k free), swap 33450464k(5192k free)

vm_info: Java HotSpot(TM) 64-Bit Server VM (25.251-b08) for windows-amd64 JRE (1.8.0_251-b08), built on Mar 12 2020 06:31:49 by "" with MS VC++ 10.0 (VS2010)

time: Mon May 18 08:31:13 2020
timezone: India Standard Time
elapsed time: 0 seconds (0d 0h 0m 0s)

